This file contains any messages produced by compilers while
running configure, to aid debugging if configure makes a mistake.

It was created by PCRE2 configure 10.42, which was
generated by GNU Autoconf 2.69.  Invocation command line was

  $ ./configure 

## --------- ##
## Platform. ##
## --------- ##

hostname = Mini-M2.local
uname -m = arm64
uname -r = 23.5.0
uname -s = Darwin
uname -v = Darwin Kernel Version 23.5.0: Wed May  1 20:14:38 PDT 2024; root:xnu-10063.121.3~5/RELEASE_ARM64_T6020

/usr/bin/uname -p = arm
/bin/uname -X     = unknown

/bin/arch              = unknown
/usr/bin/arch -k       = unknown
/usr/convex/getsysinfo = unknown
/usr/bin/hostinfo      = Mach kernel version:
	 Darwin Kernel Version 23.5.0: Wed May  1 20:14:38 PDT 2024; root:xnu-10063.121.3~5/RELEASE_ARM64_T6020
Kernel configured for up to 12 processors.
12 processors are physically available.
12 processors are logically available.
Processor type: arm64e (ARM64E)
Processors active: 0 1 2 3 4 5 6 7 8 9 10 11
Primary memory available: 32.00 gigabytes
Default processor set: 681 tasks, 3698 threads, 12 processors
Load average: 1.87, Mach factor: 10.12
/bin/machine           = unknown
/usr/bin/oslevel       = unknown
/bin/universe          = unknown

PATH: /opt/homebrew/opt/make/libexec/gnubin
PATH: /opt/homebrew/opt/llvm/bin
PATH: /opt/homebrew/opt/ruby/bin
PATH: /usr/local/bin
PATH: /opt/homebrew/bin
PATH: /Users/kristoff/.cargo/bin
PATH: /Applications/Ghostty.app/Contents/MacOS
PATH: /Users/kristoff/go/bin
PATH: /opt/homebrew/lib/ruby/gems/3.2.0/bin
PATH: /opt/homebrew/opt/ruby/bin
PATH: /usr/local/bin
PATH: /System/Cryptexes/App/usr/bin
PATH: /usr/bin
PATH: /bin
PATH: /usr/sbin
PATH: /sbin
PATH: /var/run/com.apple.security.cryptexd/codex.system/bootstrap/usr/local/bin
PATH: /var/run/com.apple.security.cryptexd/codex.system/bootstrap/usr/bin
PATH: /var/run/com.apple.security.cryptexd/codex.system/bootstrap/usr/appleinternal/bin
PATH: /Library/Apple/usr/bin
PATH: /Applications/VMware Fusion.app/Contents/Public
PATH: /usr/local/share/dotnet
PATH: ~/.dotnet/tools
PATH: /Applications/Ghostty.app/Contents/MacOS


## ----------- ##
## Core tests. ##
## ----------- ##

configure:2560: checking for a BSD-compatible install
configure:2628: result: /opt/homebrew/bin/ginstall -c
configure:2639: checking whether build environment is sane
configure:2694: result: yes
configure:2840: checking for a thread-safe mkdir -p
configure:2879: result: /opt/homebrew/bin/gmkdir -p
configure:2886: checking for gawk
configure:2916: result: no
configure:2886: checking for mawk
configure:2916: result: no
configure:2886: checking for nawk
configure:2916: result: no
configure:2886: checking for awk
configure:2902: found /usr/bin/awk
configure:2913: result: awk
configure:2924: checking whether make sets $(MAKE)
configure:2946: result: yes
configure:2975: checking whether make supports nested variables
configure:2992: result: yes
configure:3129: checking whether make supports nested variables
configure:3146: result: yes
configure:3221: checking for gcc
configure:3237: found /usr/bin/gcc
configure:3248: result: gcc
configure:3477: checking for C compiler version
configure:3486: gcc --version >&5
Apple clang version 15.0.0 (clang-1500.3.9.4)
Target: arm64-apple-darwin23.5.0
Thread model: posix
InstalledDir: /Applications/Xcode.app/Contents/Developer/Toolchains/XcodeDefault.xctoolchain/usr/bin
configure:3497: $? = 0
configure:3486: gcc -v >&5
Apple clang version 15.0.0 (clang-1500.3.9.4)
Target: arm64-apple-darwin23.5.0
Thread model: posix
InstalledDir: /Applications/Xcode.app/Contents/Developer/Toolchains/XcodeDefault.xctoolchain/usr/bin
configure:3497: $? = 0
configure:3486: gcc -V >&5
clang: error: argument to '-V' is missing (expected 1 value)
clang: error: no input files
configure:3497: $? = 1
configure:3486: gcc -qversion >&5
clang: error: unknown argument '-qversion'; did you mean '--version'?
clang: error: no input files
configure:3497: $? = 1
configure:3517: checking whether the C compiler works
configure:3539: gcc  -I/opt/homebrew/opt/llvm/include -L/opt/homebrew/opt/llvm/lib conftest.c  >&5
ld: warning: reexported library with install name '/opt/homebrew/opt/llvm/lib/libunwind.1.dylib' found at '/opt/homebrew/Cellar/llvm/18.1.8/lib/libunwind.1.0.dylib' couldn't be matched with any parent library and will be linked directly
configure:3543: $? = 0
configure:3591: result: yes
configure:3594: checking for C compiler default output file name
configure:3596: result: a.out
configure:3602: checking for suffix of executables
configure:3609: gcc -o conftest  -I/opt/homebrew/opt/llvm/include -L/opt/homebrew/opt/llvm/lib conftest.c  >&5
ld: warning: reexported library with install name '/opt/homebrew/opt/llvm/lib/libunwind.1.dylib' found at '/opt/homebrew/Cellar/llvm/18.1.8/lib/libunwind.1.0.dylib' couldn't be matched with any parent library and will be linked directly
configure:3613: $? = 0
configure:3635: result: 
configure:3657: checking whether we are cross compiling
configure:3665: gcc -o conftest  -I/opt/homebrew/opt/llvm/include -L/opt/homebrew/opt/llvm/lib conftest.c  >&5
ld: warning: reexported library with install name '/opt/homebrew/opt/llvm/lib/libunwind.1.dylib' found at '/opt/homebrew/Cellar/llvm/18.1.8/lib/libunwind.1.0.dylib' couldn't be matched with any parent library and will be linked directly
configure:3669: $? = 0
configure:3676: ./conftest
configure:3680: $? = 0
configure:3695: result: no
configure:3700: checking for suffix of object files
configure:3722: gcc -c  -I/opt/homebrew/opt/llvm/include conftest.c >&5
configure:3726: $? = 0
configure:3747: result: o
configure:3751: checking whether we are using the GNU C compiler
configure:3770: gcc -c  -I/opt/homebrew/opt/llvm/include conftest.c >&5
configure:3770: $? = 0
configure:3779: result: yes
configure:3788: checking whether gcc accepts -g
configure:3808: gcc -c -g -I/opt/homebrew/opt/llvm/include conftest.c >&5
configure:3808: $? = 0
configure:3849: result: yes
configure:3866: checking for gcc option to accept ISO C89
configure:3929: gcc  -c -g -O2 -I/opt/homebrew/opt/llvm/include conftest.c >&5
conftest.c:17:14: warning: a function definition without a prototype is deprecated in all versions of C and is not supported in C2x [-Wdeprecated-non-prototype]
static char *e (p, i)
             ^
1 warning generated.
configure:3929: $? = 0
configure:3942: result: none needed
configure:3967: checking whether gcc understands -c and -o together
configure:3989: gcc -c conftest.c -o conftest2.o
configure:3992: $? = 0
configure:3989: gcc -c conftest.c -o conftest2.o
configure:3992: $? = 0
configure:4004: result: yes
configure:4024: checking whether make supports the include directive
configure:4039: make -f confmf.GNU && cat confinc.out
this is the am__doit target
configure:4042: $? = 0
configure:4061: result: yes (GNU style)
configure:4086: checking dependency style of gcc
configure:4197: result: gcc3
configure:4219: checking how to run the C preprocessor
configure:4250: gcc -E -I/opt/homebrew/opt/llvm/include conftest.c
configure:4250: $? = 0
configure:4264: gcc -E -I/opt/homebrew/opt/llvm/include conftest.c
conftest.c:11:10: fatal error: 'ac_nonexistent.h' file not found
#include <ac_nonexistent.h>
         ^~~~~~~~~~~~~~~~~~
1 error generated.
configure:4264: $? = 1
configure: failed program was:
| /* confdefs.h */
| #define PACKAGE_NAME "PCRE2"
| #define PACKAGE_TARNAME "pcre2"
| #define PACKAGE_VERSION "10.42"
| #define PACKAGE_STRING "PCRE2 10.42"
| #define PACKAGE_BUGREPORT ""
| #define PACKAGE_URL ""
| #define PACKAGE "pcre2"
| #define VERSION "10.42"
| /* end confdefs.h.  */
| #include <ac_nonexistent.h>
configure:4289: result: gcc -E
configure:4309: gcc -E -I/opt/homebrew/opt/llvm/include conftest.c
configure:4309: $? = 0
configure:4323: gcc -E -I/opt/homebrew/opt/llvm/include conftest.c
conftest.c:11:10: fatal error: 'ac_nonexistent.h' file not found
#include <ac_nonexistent.h>
         ^~~~~~~~~~~~~~~~~~
1 error generated.
configure:4323: $? = 1
configure: failed program was:
| /* confdefs.h */
| #define PACKAGE_NAME "PCRE2"
| #define PACKAGE_TARNAME "pcre2"
| #define PACKAGE_VERSION "10.42"
| #define PACKAGE_STRING "PCRE2 10.42"
| #define PACKAGE_BUGREPORT ""
| #define PACKAGE_URL ""
| #define PACKAGE "pcre2"
| #define VERSION "10.42"
| /* end confdefs.h.  */
| #include <ac_nonexistent.h>
configure:4352: checking for grep that handles long lines and -e
configure:4410: result: /usr/bin/grep
configure:4415: checking for egrep
configure:4477: result: /usr/bin/grep -E
configure:4482: checking for ANSI C header files
configure:4502: gcc -c -g -O2 -I/opt/homebrew/opt/llvm/include conftest.c >&5
configure:4502: $? = 0
configure:4575: gcc -o conftest -g -O2 -I/opt/homebrew/opt/llvm/include -L/opt/homebrew/opt/llvm/lib conftest.c  >&5
ld: warning: reexported library with install name '/opt/homebrew/opt/llvm/lib/libunwind.1.dylib' found at '/opt/homebrew/Cellar/llvm/18.1.8/lib/libunwind.1.0.dylib' couldn't be matched with any parent library and will be linked directly
configure:4575: $? = 0
configure:4575: ./conftest
configure:4575: $? = 0
configure:4586: result: yes
configure:4599: checking for sys/types.h
configure:4599: gcc -c -g -O2 -I/opt/homebrew/opt/llvm/include conftest.c >&5
configure:4599: $? = 0
configure:4599: result: yes
configure:4599: checking for sys/stat.h
configure:4599: gcc -c -g -O2 -I/opt/homebrew/opt/llvm/include conftest.c >&5
configure:4599: $? = 0
configure:4599: result: yes
configure:4599: checking for stdlib.h
configure:4599: gcc -c -g -O2 -I/opt/homebrew/opt/llvm/include conftest.c >&5
configure:4599: $? = 0
configure:4599: result: yes
configure:4599: checking for string.h
configure:4599: gcc -c -g -O2 -I/opt/homebrew/opt/llvm/include conftest.c >&5
configure:4599: $? = 0
configure:4599: result: yes
configure:4599: checking for memory.h
configure:4599: gcc -c -g -O2 -I/opt/homebrew/opt/llvm/include conftest.c >&5
configure:4599: $? = 0
configure:4599: result: yes
configure:4599: checking for strings.h
configure:4599: gcc -c -g -O2 -I/opt/homebrew/opt/llvm/include conftest.c >&5
configure:4599: $? = 0
configure:4599: result: yes
configure:4599: checking for inttypes.h
configure:4599: gcc -c -g -O2 -I/opt/homebrew/opt/llvm/include conftest.c >&5
configure:4599: $? = 0
configure:4599: result: yes
configure:4599: checking for stdint.h
configure:4599: gcc -c -g -O2 -I/opt/homebrew/opt/llvm/include conftest.c >&5
configure:4599: $? = 0
configure:4599: result: yes
configure:4599: checking for unistd.h
configure:4599: gcc -c -g -O2 -I/opt/homebrew/opt/llvm/include conftest.c >&5
configure:4599: $? = 0
configure:4599: result: yes
configure:4612: checking minix/config.h usability
configure:4612: gcc -c -g -O2 -I/opt/homebrew/opt/llvm/include conftest.c >&5
conftest.c:54:10: fatal error: 'minix/config.h' file not found
#include <minix/config.h>
         ^~~~~~~~~~~~~~~~
1 error generated.
configure:4612: $? = 1
configure: failed program was:
| /* confdefs.h */
| #define PACKAGE_NAME "PCRE2"
| #define PACKAGE_TARNAME "pcre2"
| #define PACKAGE_VERSION "10.42"
| #define PACKAGE_STRING "PCRE2 10.42"
| #define PACKAGE_BUGREPORT ""
| #define PACKAGE_URL ""
| #define PACKAGE "pcre2"
| #define VERSION "10.42"
| #define STDC_HEADERS 1
| #define HAVE_SYS_TYPES_H 1
| #define HAVE_SYS_STAT_H 1
| #define HAVE_STDLIB_H 1
| #define HAVE_STRING_H 1
| #define HAVE_MEMORY_H 1
| #define HAVE_STRINGS_H 1
| #define HAVE_INTTYPES_H 1
| #define HAVE_STDINT_H 1
| #define HAVE_UNISTD_H 1
| /* end confdefs.h.  */
| #include <stdio.h>
| #ifdef HAVE_SYS_TYPES_H
| # include <sys/types.h>
| #endif
| #ifdef HAVE_SYS_STAT_H
| # include <sys/stat.h>
| #endif
| #ifdef STDC_HEADERS
| # include <stdlib.h>
| # include <stddef.h>
| #else
| # ifdef HAVE_STDLIB_H
| #  include <stdlib.h>
| # endif
| #endif
| #ifdef HAVE_STRING_H
| # if !defined STDC_HEADERS && defined HAVE_MEMORY_H
| #  include <memory.h>
| # endif
| # include <string.h>
| #endif
| #ifdef HAVE_STRINGS_H
| # include <strings.h>
| #endif
| #ifdef HAVE_INTTYPES_H
| # include <inttypes.h>
| #endif
| #ifdef HAVE_STDINT_H
| # include <stdint.h>
| #endif
| #ifdef HAVE_UNISTD_H
| # include <unistd.h>
| #endif
| #include <minix/config.h>
configure:4612: result: no
configure:4612: checking minix/config.h presence
configure:4612: gcc -E -I/opt/homebrew/opt/llvm/include conftest.c
conftest.c:21:10: fatal error: 'minix/config.h' file not found
#include <minix/config.h>
         ^~~~~~~~~~~~~~~~
1 error generated.
configure:4612: $? = 1
configure: failed program was:
| /* confdefs.h */
| #define PACKAGE_NAME "PCRE2"
| #define PACKAGE_TARNAME "pcre2"
| #define PACKAGE_VERSION "10.42"
| #define PACKAGE_STRING "PCRE2 10.42"
| #define PACKAGE_BUGREPORT ""
| #define PACKAGE_URL ""
| #define PACKAGE "pcre2"
| #define VERSION "10.42"
| #define STDC_HEADERS 1
| #define HAVE_SYS_TYPES_H 1
| #define HAVE_SYS_STAT_H 1
| #define HAVE_STDLIB_H 1
| #define HAVE_STRING_H 1
| #define HAVE_MEMORY_H 1
| #define HAVE_STRINGS_H 1
| #define HAVE_INTTYPES_H 1
| #define HAVE_STDINT_H 1
| #define HAVE_UNISTD_H 1
| /* end confdefs.h.  */
| #include <minix/config.h>
configure:4612: result: no
configure:4612: checking for minix/config.h
configure:4612: result: no
configure:4633: checking whether it is safe to define __EXTENSIONS__
configure:4651: gcc -c -g -O2 -I/opt/homebrew/opt/llvm/include conftest.c >&5
configure:4651: $? = 0
configure:4658: result: yes
configure:4734: checking for ar
configure:4750: found /usr/bin/ar
configure:4761: result: ar
configure:4787: checking the archiver (ar) interface
configure:4803: gcc -c -O2 -I/opt/homebrew/opt/llvm/include conftest.c >&5
configure:4803: $? = 0
configure:4805: ar cru libconftest.a conftest.o >&5
configure:4808: $? = 0
configure:4836: result: ar
configure:4858: checking for int64_t
configure:4858: gcc -c -O2 -I/opt/homebrew/opt/llvm/include conftest.c >&5
configure:4858: $? = 0
configure:4858: gcc -c -O2 -I/opt/homebrew/opt/llvm/include conftest.c >&5
conftest.c:64:53: warning: overflow in expression; result is -9223372036854775808 with type 'int64_t' (aka 'long long') [-Winteger-overflow]
                 < (int64_t) (((((int64_t) 1 << N) << N) - 1) * 2 + 2))];
                                                                  ^
conftest.c:63:24: error: 'test_array' declared as an array with a negative size
static int test_array [1 - 2 * !((int64_t) (((((int64_t) 1 << N) << N) - 1) * 2 + 1)
                       ^~~~~~~~~~~~~~~~~~~~~~~~~~~~~~~~~~~~~~~~~~~~~~~~~~~~~~~~~~~~~
1 warning and 1 error generated.
configure:4858: $? = 1
configure: failed program was:
| /* confdefs.h */
| #define PACKAGE_NAME "PCRE2"
| #define PACKAGE_TARNAME "pcre2"
| #define PACKAGE_VERSION "10.42"
| #define PACKAGE_STRING "PCRE2 10.42"
| #define PACKAGE_BUGREPORT ""
| #define PACKAGE_URL ""
| #define PACKAGE "pcre2"
| #define VERSION "10.42"
| #define STDC_HEADERS 1
| #define HAVE_SYS_TYPES_H 1
| #define HAVE_SYS_STAT_H 1
| #define HAVE_STDLIB_H 1
| #define HAVE_STRING_H 1
| #define HAVE_MEMORY_H 1
| #define HAVE_STRINGS_H 1
| #define HAVE_INTTYPES_H 1
| #define HAVE_STDINT_H 1
| #define HAVE_UNISTD_H 1
| #define __EXTENSIONS__ 1
| #define _ALL_SOURCE 1
| #define _GNU_SOURCE 1
| #define _POSIX_PTHREAD_SEMANTICS 1
| #define _TANDEM_SOURCE 1
| /* end confdefs.h.  */
| #include <stdio.h>
| #ifdef HAVE_SYS_TYPES_H
| # include <sys/types.h>
| #endif
| #ifdef HAVE_SYS_STAT_H
| # include <sys/stat.h>
| #endif
| #ifdef STDC_HEADERS
| # include <stdlib.h>
| # include <stddef.h>
| #else
| # ifdef HAVE_STDLIB_H
| #  include <stdlib.h>
| # endif
| #endif
| #ifdef HAVE_STRING_H
| # if !defined STDC_HEADERS && defined HAVE_MEMORY_H
| #  include <memory.h>
| # endif
| # include <string.h>
| #endif
| #ifdef HAVE_STRINGS_H
| # include <strings.h>
| #endif
| #ifdef HAVE_INTTYPES_H
| # include <inttypes.h>
| #endif
| #ifdef HAVE_STDINT_H
| # include <stdint.h>
| #endif
| #ifdef HAVE_UNISTD_H
| # include <unistd.h>
| #endif
| 	        enum { N = 64 / 2 - 1 };
| int
| main ()
| {
| static int test_array [1 - 2 * !((int64_t) (((((int64_t) 1 << N) << N) - 1) * 2 + 1)
| 		 < (int64_t) (((((int64_t) 1 << N) << N) - 1) * 2 + 2))];
| test_array [0] = 0;
| return test_array [0];
| 
|   ;
|   return 0;
| }
configure:4858: result: yes
configure:4900: checking build system type
configure:4914: result: aarch64-apple-darwin23.5.0
configure:4934: checking host system type
configure:4947: result: aarch64-apple-darwin23.5.0
configure:4988: checking how to print strings
configure:5015: result: printf
configure:5036: checking for a sed that does not truncate output
configure:5100: result: /usr/bin/sed
configure:5118: checking for fgrep
configure:5180: result: /usr/bin/grep -F
configure:5215: checking for ld used by gcc
configure:5282: result: /Applications/Xcode.app/Contents/Developer/Toolchains/XcodeDefault.xctoolchain/usr/bin/ld
configure:5289: checking if the linker (/Applications/Xcode.app/Contents/Developer/Toolchains/XcodeDefault.xctoolchain/usr/bin/ld) is GNU ld
configure:5304: result: no
configure:5316: checking for BSD- or MS-compatible name lister (nm)
configure:5370: result: /usr/bin/nm -B
configure:5500: checking the name lister (/usr/bin/nm -B) interface
configure:5507: gcc -c -O2 -I/opt/homebrew/opt/llvm/include conftest.c >&5
configure:5510: /usr/bin/nm -B "conftest.o"
configure:5513: output
0000000000000000 S _some_variable
0000000000000000 t ltmp0
0000000000000000 s ltmp1
configure:5520: result: BSD nm
configure:5523: checking whether ln -s works
configure:5527: result: yes
configure:5535: checking the maximum length of command line arguments
configure:5666: result: 786432
configure:5714: checking how to convert aarch64-apple-darwin23.5.0 file names to aarch64-apple-darwin23.5.0 format
configure:5754: result: func_convert_file_noop
configure:5761: checking how to convert aarch64-apple-darwin23.5.0 file names to toolchain format
configure:5781: result: func_convert_file_noop
configure:5788: checking for /Applications/Xcode.app/Contents/Developer/Toolchains/XcodeDefault.xctoolchain/usr/bin/ld option to reload object files
configure:5795: result: -r
configure:5869: checking for file
configure:5885: found /usr/bin/file
configure:5896: result: file
configure:5967: checking for objdump
configure:5983: found /usr/bin/objdump
configure:5994: result: objdump
configure:6023: checking how to recognize dependent libraries
configure:6223: result: pass_all
configure:6308: checking for dlltool
configure:6338: result: no
configure:6365: checking how to associate runtime and link libraries
configure:6392: result: printf %s\n
configure:6532: checking for archiver @FILE support
configure:6549: gcc -c -O2 -I/opt/homebrew/opt/llvm/include conftest.c >&5
configure:6549: $? = 0
configure:6552: ar cr libconftest.a @conftest.lst >&5
ar: @conftest.lst: No such file or directory
configure:6555: $? = 1
configure:6575: result: no
configure:6633: checking for strip
configure:6649: found /usr/bin/strip
configure:6660: result: strip
configure:6732: checking for ranlib
configure:6748: found /usr/bin/ranlib
configure:6759: result: ranlib
configure:6861: checking command to parse /usr/bin/nm -B output from gcc object
configure:7014: gcc -c -O2 -I/opt/homebrew/opt/llvm/include conftest.c >&5
configure:7017: $? = 0
configure:7021: /usr/bin/nm -B conftest.o \| /usr/bin/sed -n -e 's/^.*[ ]\([ABCDGIRSTW][ABCDGIRSTW]*\)[ ][ ]*\([_A-Za-z][_A-Za-z0-9]*\)$/\1 \2 \2/p' | /usr/bin/sed '/ __gnu_lto/d' \> conftest.nm
configure:7024: $? = 0
cannot find nm_test_var in conftest.nm
configure:7014: gcc -c -O2 -I/opt/homebrew/opt/llvm/include conftest.c >&5
configure:7017: $? = 0
configure:7021: /usr/bin/nm -B conftest.o \| /usr/bin/sed -n -e 's/^.*[ ]\([ABCDGIRSTW][ABCDGIRSTW]*\)[ ][ ]*_\([_A-Za-z][_A-Za-z0-9]*\)$/\1 _\2 \2/p' | /usr/bin/sed '/ __gnu_lto/d' \> conftest.nm
configure:7024: $? = 0
configure:7090: gcc -o conftest -O2 -I/opt/homebrew/opt/llvm/include -L/opt/homebrew/opt/llvm/lib conftest.c conftstm.o >&5
ld: warning: reexported library with install name '/opt/homebrew/opt/llvm/lib/libunwind.1.dylib' found at '/opt/homebrew/Cellar/llvm/18.1.8/lib/libunwind.1.0.dylib' couldn't be matched with any parent library and will be linked directly
configure:7093: $? = 0
configure:7131: result: ok
configure:7178: checking for sysroot
configure:7208: result: no
configure:7215: checking for a working dd
configure:7253: result: /bin/dd
configure:7257: checking how to truncate binary pipes
configure:7272: result: /bin/dd bs=4096 count=1
configure:7601: checking for mt
configure:7631: result: no
configure:7651: checking if : is a manifest tool
configure:7657: : '-?'
configure:7665: result: no
configure:7721: checking for dsymutil
configure:7737: found /opt/homebrew/opt/llvm/bin/dsymutil
configure:7748: result: dsymutil
configure:7813: checking for nmedit
configure:7829: found /usr/bin/nmedit
configure:7840: result: nmedit
configure:7905: checking for lipo
configure:7921: found /usr/bin/lipo
configure:7932: result: lipo
configure:7997: checking for otool
configure:8013: found /usr/bin/otool
configure:8024: result: otool
configure:8089: checking for otool64
configure:8119: result: no
configure:8164: checking for -single_module linker flag
gcc -O2 -L/opt/homebrew/opt/llvm/lib -o libconftest.dylib -dynamiclib -Wl,-single_module conftest.c
ld: warning: -single_module is obsolete
ld: warning: reexported library with install name '/opt/homebrew/opt/llvm/lib/libunwind.1.dylib' found at '/opt/homebrew/Cellar/llvm/18.1.8/lib/libunwind.1.0.dylib' couldn't be matched with any parent library and will be linked directly
configure:8197: result: no
configure:8200: checking for -exported_symbols_list linker flag
configure:8220: gcc -o conftest -O2 -I/opt/homebrew/opt/llvm/include -L/opt/homebrew/opt/llvm/lib -Wl,-exported_symbols_list,conftest.sym conftest.c  >&5
ld: warning: reexported library with install name '/opt/homebrew/opt/llvm/lib/libunwind.1.dylib' found at '/opt/homebrew/Cellar/llvm/18.1.8/lib/libunwind.1.0.dylib' couldn't be matched with any parent library and will be linked directly
configure:8220: $? = 0
configure:8230: result: yes
configure:8233: checking for -force_load linker flag
gcc -O2 -c -o conftest.o conftest.c
ar cr libconftest.a conftest.o
ranlib libconftest.a
gcc -O2 -L/opt/homebrew/opt/llvm/lib -o conftest conftest.c -Wl,-force_load,./libconftest.a
configure:8265: result: yes
configure:8334: checking for dlfcn.h
configure:8334: gcc -c -O2 -I/opt/homebrew/opt/llvm/include conftest.c >&5
configure:8334: $? = 0
configure:8334: result: yes
configure:8888: checking for objdir
configure:8903: result: .libs
configure:9167: checking if gcc supports -fno-rtti -fno-exceptions
configure:9185: gcc -c -O2 -I/opt/homebrew/opt/llvm/include -fno-rtti -fno-exceptions conftest.c >&5
configure:9189: $? = 0
configure:9202: result: yes
configure:9560: checking for gcc option to produce PIC
configure:9567: result: -fno-common -DPIC
configure:9575: checking if gcc PIC flag -fno-common -DPIC works
configure:9593: gcc -c -O2 -I/opt/homebrew/opt/llvm/include -fno-common -DPIC -DPIC conftest.c >&5
configure:9597: $? = 0
configure:9610: result: yes
configure:9639: checking if gcc static flag -static works
configure:9667: result: no
configure:9682: checking if gcc supports -c -o file.o
configure:9703: gcc -c -O2 -I/opt/homebrew/opt/llvm/include -o out/conftest2.o conftest.c >&5
configure:9707: $? = 0
configure:9729: result: yes
configure:9737: checking if gcc supports -c -o file.o
configure:9784: result: yes
configure:9817: checking whether the gcc linker (/Applications/Xcode.app/Contents/Developer/Toolchains/XcodeDefault.xctoolchain/usr/bin/ld) supports shared libraries
configure:11078: result: yes
configure:11318: checking dynamic linker characteristics
configure:12136: result: darwin23.5.0 dyld
configure:12258: checking how to hardcode library paths into programs
configure:12283: result: immediate
configure:12831: checking whether stripping libraries is possible
configure:12848: result: yes
configure:12882: checking if libtool supports shared libraries
configure:12884: result: yes
configure:12887: checking whether to build shared libraries
configure:12912: result: yes
configure:12915: checking whether to build static libraries
configure:12919: result: yes
configure:12956: checking whether ln -s works
configure:12960: result: yes
configure:12975: checking for special C compiler options needed for large files
configure:13020: result: no
configure:13026: checking for _FILE_OFFSET_BITS value needed for large files
configure:13051: gcc -c -O2 -I/opt/homebrew/opt/llvm/include conftest.c >&5
configure:13051: $? = 0
configure:13083: result: no
configure:13177: checking whether the -Werror option is usable
configure:13196: gcc -c -O2 -Werror -I/opt/homebrew/opt/llvm/include conftest.c >&5
configure:13196: $? = 0
configure:13205: result: yes
configure:13207: checking for simple visibility declarations
configure:13234: gcc -c -O2 -fvisibility=hidden -Werror -I/opt/homebrew/opt/llvm/include conftest.c >&5
configure:13234: $? = 0
configure:13243: result: yes
configure:13275: checking for __attribute__((uninitialized))
configure:13296: gcc -c -O2 -Werror -I/opt/homebrew/opt/llvm/include conftest.c >&5
configure:13296: $? = 0
configure:13302: result: yes
configure:13836: checking limits.h usability
configure:13836: gcc -c -O2 -I/opt/homebrew/opt/llvm/include conftest.c >&5
configure:13836: $? = 0
configure:13836: result: yes
configure:13836: checking limits.h presence
configure:13836: gcc -E -I/opt/homebrew/opt/llvm/include conftest.c
configure:13836: $? = 0
configure:13836: result: yes
configure:13836: checking for limits.h
configure:13836: result: yes
configure:13836: checking for sys/types.h
configure:13836: result: yes
configure:13836: checking for sys/stat.h
configure:13836: result: yes
configure:13836: checking dirent.h usability
configure:13836: gcc -c -O2 -I/opt/homebrew/opt/llvm/include conftest.c >&5
configure:13836: $? = 0
configure:13836: result: yes
configure:13836: checking dirent.h presence
configure:13836: gcc -E -I/opt/homebrew/opt/llvm/include conftest.c
configure:13836: $? = 0
configure:13836: result: yes
configure:13836: checking for dirent.h
configure:13836: result: yes
configure:13848: checking windows.h usability
configure:13848: gcc -c -O2 -I/opt/homebrew/opt/llvm/include conftest.c >&5
conftest.c:71:10: fatal error: 'windows.h' file not found
#include <windows.h>
         ^~~~~~~~~~~
1 error generated.
configure:13848: $? = 1
configure: failed program was:
| /* confdefs.h */
| #define PACKAGE_NAME "PCRE2"
| #define PACKAGE_TARNAME "pcre2"
| #define PACKAGE_VERSION "10.42"
| #define PACKAGE_STRING "PCRE2 10.42"
| #define PACKAGE_BUGREPORT ""
| #define PACKAGE_URL ""
| #define PACKAGE "pcre2"
| #define VERSION "10.42"
| #define STDC_HEADERS 1
| #define HAVE_SYS_TYPES_H 1
| #define HAVE_SYS_STAT_H 1
| #define HAVE_STDLIB_H 1
| #define HAVE_STRING_H 1
| #define HAVE_MEMORY_H 1
| #define HAVE_STRINGS_H 1
| #define HAVE_INTTYPES_H 1
| #define HAVE_STDINT_H 1
| #define HAVE_UNISTD_H 1
| #define __EXTENSIONS__ 1
| #define _ALL_SOURCE 1
| #define _GNU_SOURCE 1
| #define _POSIX_PTHREAD_SEMANTICS 1
| #define _TANDEM_SOURCE 1
| #define HAVE_DLFCN_H 1
| #define LT_OBJDIR ".libs/"
| #define PCRE2_EXP_DECL extern __attribute__ ((visibility ("default")))
| #define PCRE2_EXP_DEFN __attribute__ ((visibility ("default")))
| #define PCRE2POSIX_EXP_DECL extern __attribute__ ((visibility ("default")))
| #define PCRE2POSIX_EXP_DEFN extern __attribute__ ((visibility ("default")))
| #define HAVE_VISIBILITY 1
| #define HAVE_ATTRIBUTE_UNINITIALIZED 1
| #define HAVE_LIMITS_H 1
| #define HAVE_SYS_TYPES_H 1
| #define HAVE_SYS_STAT_H 1
| #define HAVE_DIRENT_H 1
| /* end confdefs.h.  */
| #include <stdio.h>
| #ifdef HAVE_SYS_TYPES_H
| # include <sys/types.h>
| #endif
| #ifdef HAVE_SYS_STAT_H
| # include <sys/stat.h>
| #endif
| #ifdef STDC_HEADERS
| # include <stdlib.h>
| # include <stddef.h>
| #else
| # ifdef HAVE_STDLIB_H
| #  include <stdlib.h>
| # endif
| #endif
| #ifdef HAVE_STRING_H
| # if !defined STDC_HEADERS && defined HAVE_MEMORY_H
| #  include <memory.h>
| # endif
| # include <string.h>
| #endif
| #ifdef HAVE_STRINGS_H
| # include <strings.h>
| #endif
| #ifdef HAVE_INTTYPES_H
| # include <inttypes.h>
| #endif
| #ifdef HAVE_STDINT_H
| # include <stdint.h>
| #endif
| #ifdef HAVE_UNISTD_H
| # include <unistd.h>
| #endif
| #include <windows.h>
configure:13848: result: no
configure:13848: checking windows.h presence
configure:13848: gcc -E -I/opt/homebrew/opt/llvm/include conftest.c
conftest.c:38:10: fatal error: 'windows.h' file not found
#include <windows.h>
         ^~~~~~~~~~~
1 error generated.
configure:13848: $? = 1
configure: failed program was:
| /* confdefs.h */
| #define PACKAGE_NAME "PCRE2"
| #define PACKAGE_TARNAME "pcre2"
| #define PACKAGE_VERSION "10.42"
| #define PACKAGE_STRING "PCRE2 10.42"
| #define PACKAGE_BUGREPORT ""
| #define PACKAGE_URL ""
| #define PACKAGE "pcre2"
| #define VERSION "10.42"
| #define STDC_HEADERS 1
| #define HAVE_SYS_TYPES_H 1
| #define HAVE_SYS_STAT_H 1
| #define HAVE_STDLIB_H 1
| #define HAVE_STRING_H 1
| #define HAVE_MEMORY_H 1
| #define HAVE_STRINGS_H 1
| #define HAVE_INTTYPES_H 1
| #define HAVE_STDINT_H 1
| #define HAVE_UNISTD_H 1
| #define __EXTENSIONS__ 1
| #define _ALL_SOURCE 1
| #define _GNU_SOURCE 1
| #define _POSIX_PTHREAD_SEMANTICS 1
| #define _TANDEM_SOURCE 1
| #define HAVE_DLFCN_H 1
| #define LT_OBJDIR ".libs/"
| #define PCRE2_EXP_DECL extern __attribute__ ((visibility ("default")))
| #define PCRE2_EXP_DEFN __attribute__ ((visibility ("default")))
| #define PCRE2POSIX_EXP_DECL extern __attribute__ ((visibility ("default")))
| #define PCRE2POSIX_EXP_DEFN extern __attribute__ ((visibility ("default")))
| #define HAVE_VISIBILITY 1
| #define HAVE_ATTRIBUTE_UNINITIALIZED 1
| #define HAVE_LIMITS_H 1
| #define HAVE_SYS_TYPES_H 1
| #define HAVE_SYS_STAT_H 1
| #define HAVE_DIRENT_H 1
| /* end confdefs.h.  */
| #include <windows.h>
configure:13848: result: no
configure:13848: checking for windows.h
configure:13848: result: no
configure:13860: checking sys/wait.h usability
configure:13860: gcc -c -O2 -I/opt/homebrew/opt/llvm/include conftest.c >&5
configure:13860: $? = 0
configure:13860: result: yes
configure:13860: checking sys/wait.h presence
configure:13860: gcc -E -I/opt/homebrew/opt/llvm/include conftest.c
configure:13860: $? = 0
configure:13860: result: yes
configure:13860: checking for sys/wait.h
configure:13860: result: yes
configure:13952: checking for an ANSI C-conforming const
configure:14018: gcc -c -O2 -I/opt/homebrew/opt/llvm/include conftest.c >&5
configure:14018: $? = 0
configure:14025: result: yes
configure:14033: checking for size_t
configure:14033: gcc -c -O2 -I/opt/homebrew/opt/llvm/include conftest.c >&5
configure:14033: $? = 0
configure:14033: gcc -c -O2 -I/opt/homebrew/opt/llvm/include conftest.c >&5
conftest.c:75:21: error: expected expression
if (sizeof ((size_t)))
                    ^
1 error generated.
configure:14033: $? = 1
configure: failed program was:
| /* confdefs.h */
| #define PACKAGE_NAME "PCRE2"
| #define PACKAGE_TARNAME "pcre2"
| #define PACKAGE_VERSION "10.42"
| #define PACKAGE_STRING "PCRE2 10.42"
| #define PACKAGE_BUGREPORT ""
| #define PACKAGE_URL ""
| #define PACKAGE "pcre2"
| #define VERSION "10.42"
| #define STDC_HEADERS 1
| #define HAVE_SYS_TYPES_H 1
| #define HAVE_SYS_STAT_H 1
| #define HAVE_STDLIB_H 1
| #define HAVE_STRING_H 1
| #define HAVE_MEMORY_H 1
| #define HAVE_STRINGS_H 1
| #define HAVE_INTTYPES_H 1
| #define HAVE_STDINT_H 1
| #define HAVE_UNISTD_H 1
| #define __EXTENSIONS__ 1
| #define _ALL_SOURCE 1
| #define _GNU_SOURCE 1
| #define _POSIX_PTHREAD_SEMANTICS 1
| #define _TANDEM_SOURCE 1
| #define HAVE_DLFCN_H 1
| #define LT_OBJDIR ".libs/"
| #define PCRE2_EXP_DECL extern __attribute__ ((visibility ("default")))
| #define PCRE2_EXP_DEFN __attribute__ ((visibility ("default")))
| #define PCRE2POSIX_EXP_DECL extern __attribute__ ((visibility ("default")))
| #define PCRE2POSIX_EXP_DEFN extern __attribute__ ((visibility ("default")))
| #define HAVE_VISIBILITY 1
| #define HAVE_ATTRIBUTE_UNINITIALIZED 1
| #define HAVE_LIMITS_H 1
| #define HAVE_SYS_TYPES_H 1
| #define HAVE_SYS_STAT_H 1
| #define HAVE_DIRENT_H 1
| #define HAVE_SYS_WAIT_H 1
| /* end confdefs.h.  */
| #include <stdio.h>
| #ifdef HAVE_SYS_TYPES_H
| # include <sys/types.h>
| #endif
| #ifdef HAVE_SYS_STAT_H
| # include <sys/stat.h>
| #endif
| #ifdef STDC_HEADERS
| # include <stdlib.h>
| # include <stddef.h>
| #else
| # ifdef HAVE_STDLIB_H
| #  include <stdlib.h>
| # endif
| #endif
| #ifdef HAVE_STRING_H
| # if !defined STDC_HEADERS && defined HAVE_MEMORY_H
| #  include <memory.h>
| # endif
| # include <string.h>
| #endif
| #ifdef HAVE_STRINGS_H
| # include <strings.h>
| #endif
| #ifdef HAVE_INTTYPES_H
| # include <inttypes.h>
| #endif
| #ifdef HAVE_STDINT_H
| # include <stdint.h>
| #endif
| #ifdef HAVE_UNISTD_H
| # include <unistd.h>
| #endif
| int
| main ()
| {
| if (sizeof ((size_t)))
| 	    return 0;
|   ;
|   return 0;
| }
configure:14033: result: yes
configure:14050: checking for bcopy
configure:14050: gcc -o conftest -O2 -I/opt/homebrew/opt/llvm/include -L/opt/homebrew/opt/llvm/lib conftest.c  >&5
ld: warning: reexported library with install name '/opt/homebrew/opt/llvm/lib/libunwind.1.dylib' found at '/opt/homebrew/Cellar/llvm/18.1.8/lib/libunwind.1.0.dylib' couldn't be matched with any parent library and will be linked directly
configure:14050: $? = 0
configure:14050: result: yes
configure:14050: checking for memfd_create
configure:14050: gcc -o conftest -O2 -I/opt/homebrew/opt/llvm/include -L/opt/homebrew/opt/llvm/lib conftest.c  >&5
Undefined symbols for architecture arm64:
  "_memfd_create", referenced from:
      _main in conftest-7d8e4e.o
ld: symbol(s) not found for architecture arm64
clang: error: linker command failed with exit code 1 (use -v to see invocation)
configure:14050: $? = 1
configure: failed program was:
| /* confdefs.h */
| #define PACKAGE_NAME "PCRE2"
| #define PACKAGE_TARNAME "pcre2"
| #define PACKAGE_VERSION "10.42"
| #define PACKAGE_STRING "PCRE2 10.42"
| #define PACKAGE_BUGREPORT ""
| #define PACKAGE_URL ""
| #define PACKAGE "pcre2"
| #define VERSION "10.42"
| #define STDC_HEADERS 1
| #define HAVE_SYS_TYPES_H 1
| #define HAVE_SYS_STAT_H 1
| #define HAVE_STDLIB_H 1
| #define HAVE_STRING_H 1
| #define HAVE_MEMORY_H 1
| #define HAVE_STRINGS_H 1
| #define HAVE_INTTYPES_H 1
| #define HAVE_STDINT_H 1
| #define HAVE_UNISTD_H 1
| #define __EXTENSIONS__ 1
| #define _ALL_SOURCE 1
| #define _GNU_SOURCE 1
| #define _POSIX_PTHREAD_SEMANTICS 1
| #define _TANDEM_SOURCE 1
| #define HAVE_DLFCN_H 1
| #define LT_OBJDIR ".libs/"
| #define PCRE2_EXP_DECL extern __attribute__ ((visibility ("default")))
| #define PCRE2_EXP_DEFN __attribute__ ((visibility ("default")))
| #define PCRE2POSIX_EXP_DECL extern __attribute__ ((visibility ("default")))
| #define PCRE2POSIX_EXP_DEFN extern __attribute__ ((visibility ("default")))
| #define HAVE_VISIBILITY 1
| #define HAVE_ATTRIBUTE_UNINITIALIZED 1
| #define HAVE_LIMITS_H 1
| #define HAVE_SYS_TYPES_H 1
| #define HAVE_SYS_STAT_H 1
| #define HAVE_DIRENT_H 1
| #define HAVE_SYS_WAIT_H 1
| #define HAVE_BCOPY 1
| /* end confdefs.h.  */
| /* Define memfd_create to an innocuous variant, in case <limits.h> declares memfd_create.
|    For example, HP-UX 11i <limits.h> declares gettimeofday.  */
| #define memfd_create innocuous_memfd_create
| 
| /* System header to define __stub macros and hopefully few prototypes,
|     which can conflict with char memfd_create (); below.
|     Prefer <limits.h> to <assert.h> if __STDC__ is defined, since
|     <limits.h> exists even on freestanding compilers.  */
| 
| #ifdef __STDC__
| # include <limits.h>
| #else
| # include <assert.h>
| #endif
| 
| #undef memfd_create
| 
| /* Override any GCC internal prototype to avoid an error.
|    Use char because int might match the return type of a GCC
|    builtin and then its argument prototype would still apply.  */
| #ifdef __cplusplus
| extern "C"
| #endif
| char memfd_create ();
| /* The GNU C library defines this for functions which it implements
|     to always fail with ENOSYS.  Some functions are actually named
|     something starting with __ and the normal name is an alias.  */
| #if defined __stub_memfd_create || defined __stub___memfd_create
| choke me
| #endif
| 
| int
| main ()
| {
| return memfd_create ();
|   ;
|   return 0;
| }
configure:14050: result: no
configure:14050: checking for memmove
configure:14050: gcc -o conftest -O2 -I/opt/homebrew/opt/llvm/include -L/opt/homebrew/opt/llvm/lib conftest.c  >&5
conftest.c:63:6: warning: incompatible redeclaration of library function 'memmove' [-Wincompatible-library-redeclaration]
char memmove ();
     ^
conftest.c:63:6: note: 'memmove' is a builtin with type 'void *(void *, const void *, unsigned long)'
1 warning generated.
ld: warning: reexported library with install name '/opt/homebrew/opt/llvm/lib/libunwind.1.dylib' found at '/opt/homebrew/Cellar/llvm/18.1.8/lib/libunwind.1.0.dylib' couldn't be matched with any parent library and will be linked directly
configure:14050: $? = 0
configure:14050: result: yes
configure:14050: checking for mkostemp
configure:14050: gcc -o conftest -O2 -I/opt/homebrew/opt/llvm/include -L/opt/homebrew/opt/llvm/lib conftest.c  >&5
ld: warning: reexported library with install name '/opt/homebrew/opt/llvm/lib/libunwind.1.dylib' found at '/opt/homebrew/Cellar/llvm/18.1.8/lib/libunwind.1.0.dylib' couldn't be matched with any parent library and will be linked directly
configure:14050: $? = 0
configure:14050: result: yes
configure:14050: checking for secure_getenv
configure:14050: gcc -o conftest -O2 -I/opt/homebrew/opt/llvm/include -L/opt/homebrew/opt/llvm/lib conftest.c  >&5
Undefined symbols for architecture arm64:
  "_secure_getenv", referenced from:
      _main in conftest-29c0d2.o
ld: symbol(s) not found for architecture arm64
clang: error: linker command failed with exit code 1 (use -v to see invocation)
configure:14050: $? = 1
configure: failed program was:
| /* confdefs.h */
| #define PACKAGE_NAME "PCRE2"
| #define PACKAGE_TARNAME "pcre2"
| #define PACKAGE_VERSION "10.42"
| #define PACKAGE_STRING "PCRE2 10.42"
| #define PACKAGE_BUGREPORT ""
| #define PACKAGE_URL ""
| #define PACKAGE "pcre2"
| #define VERSION "10.42"
| #define STDC_HEADERS 1
| #define HAVE_SYS_TYPES_H 1
| #define HAVE_SYS_STAT_H 1
| #define HAVE_STDLIB_H 1
| #define HAVE_STRING_H 1
| #define HAVE_MEMORY_H 1
| #define HAVE_STRINGS_H 1
| #define HAVE_INTTYPES_H 1
| #define HAVE_STDINT_H 1
| #define HAVE_UNISTD_H 1
| #define __EXTENSIONS__ 1
| #define _ALL_SOURCE 1
| #define _GNU_SOURCE 1
| #define _POSIX_PTHREAD_SEMANTICS 1
| #define _TANDEM_SOURCE 1
| #define HAVE_DLFCN_H 1
| #define LT_OBJDIR ".libs/"
| #define PCRE2_EXP_DECL extern __attribute__ ((visibility ("default")))
| #define PCRE2_EXP_DEFN __attribute__ ((visibility ("default")))
| #define PCRE2POSIX_EXP_DECL extern __attribute__ ((visibility ("default")))
| #define PCRE2POSIX_EXP_DEFN extern __attribute__ ((visibility ("default")))
| #define HAVE_VISIBILITY 1
| #define HAVE_ATTRIBUTE_UNINITIALIZED 1
| #define HAVE_LIMITS_H 1
| #define HAVE_SYS_TYPES_H 1
| #define HAVE_SYS_STAT_H 1
| #define HAVE_DIRENT_H 1
| #define HAVE_SYS_WAIT_H 1
| #define HAVE_BCOPY 1
| #define HAVE_MEMMOVE 1
| #define HAVE_MKOSTEMP 1
| /* end confdefs.h.  */
| /* Define secure_getenv to an innocuous variant, in case <limits.h> declares secure_getenv.
|    For example, HP-UX 11i <limits.h> declares gettimeofday.  */
| #define secure_getenv innocuous_secure_getenv
| 
| /* System header to define __stub macros and hopefully few prototypes,
|     which can conflict with char secure_getenv (); below.
|     Prefer <limits.h> to <assert.h> if __STDC__ is defined, since
|     <limits.h> exists even on freestanding compilers.  */
| 
| #ifdef __STDC__
| # include <limits.h>
| #else
| # include <assert.h>
| #endif
| 
| #undef secure_getenv
| 
| /* Override any GCC internal prototype to avoid an error.
|    Use char because int might match the return type of a GCC
|    builtin and then its argument prototype would still apply.  */
| #ifdef __cplusplus
| extern "C"
| #endif
| char secure_getenv ();
| /* The GNU C library defines this for functions which it implements
|     to always fail with ENOSYS.  Some functions are actually named
|     something starting with __ and the normal name is an alias.  */
| #if defined __stub_secure_getenv || defined __stub___secure_getenv
| choke me
| #endif
| 
| int
| main ()
| {
| return secure_getenv ();
|   ;
|   return 0;
| }
configure:14050: result: no
configure:14050: checking for strerror
configure:14050: gcc -o conftest -O2 -I/opt/homebrew/opt/llvm/include -L/opt/homebrew/opt/llvm/lib conftest.c  >&5
conftest.c:65:6: warning: incompatible redeclaration of library function 'strerror' [-Wincompatible-library-redeclaration]
char strerror ();
     ^
conftest.c:65:6: note: 'strerror' is a builtin with type 'char *(int)'
1 warning generated.
ld: warning: reexported library with install name '/opt/homebrew/opt/llvm/lib/libunwind.1.dylib' found at '/opt/homebrew/Cellar/llvm/18.1.8/lib/libunwind.1.0.dylib' couldn't be matched with any parent library and will be linked directly
configure:14050: $? = 0
configure:14050: result: yes
configure:14059: checking for realpath
configure:14078: gcc -o conftest -O2 -I/opt/homebrew/opt/llvm/include -L/opt/homebrew/opt/llvm/lib conftest.c  >&5
ld: warning: reexported library with install name '/opt/homebrew/opt/llvm/lib/libunwind.1.dylib' found at '/opt/homebrew/Cellar/llvm/18.1.8/lib/libunwind.1.0.dylib' couldn't be matched with any parent library and will be linked directly
configure:14078: $? = 0
configure:14079: result: yes
configure:14096: checking zlib.h usability
configure:14096: gcc -c -O2 -I/opt/homebrew/opt/llvm/include conftest.c >&5
configure:14096: $? = 0
configure:14096: result: yes
configure:14096: checking zlib.h presence
configure:14096: gcc -E -I/opt/homebrew/opt/llvm/include conftest.c
configure:14096: $? = 0
configure:14096: result: yes
configure:14096: checking for zlib.h
configure:14096: result: yes
configure:14106: checking for gzopen in -lz
configure:14131: gcc -o conftest -O2 -I/opt/homebrew/opt/llvm/include -L/opt/homebrew/opt/llvm/lib conftest.c -lz   >&5
ld: warning: reexported library with install name '/opt/homebrew/opt/llvm/lib/libunwind.1.dylib' found at '/opt/homebrew/Cellar/llvm/18.1.8/lib/libunwind.1.0.dylib' couldn't be matched with any parent library and will be linked directly
configure:14131: $? = 0
configure:14140: result: yes
configure:14165: checking bzlib.h usability
configure:14165: gcc -c -O2 -I/opt/homebrew/opt/llvm/include conftest.c >&5
configure:14165: $? = 0
configure:14165: result: yes
configure:14165: checking bzlib.h presence
configure:14165: gcc -E -I/opt/homebrew/opt/llvm/include conftest.c
configure:14165: $? = 0
configure:14165: result: yes
configure:14165: checking for bzlib.h
configure:14165: result: yes
configure:14180: checking for libbz2
configure:14198: gcc -o conftest -O2 -I/opt/homebrew/opt/llvm/include -L/opt/homebrew/opt/llvm/lib conftest.c  -lbz2 >&5
conftest.c:53:8: warning: cast to smaller integer type 'int' from 'BZFILE *' (aka 'void *') [-Wvoid-pointer-to-int-cast]
return (int)BZ2_bzopen("conftest", "rb");
       ^~~~~~~~~~~~~~~~~~~~~~~~~~~~~~~~~
1 warning generated.
ld: warning: reexported library with install name '/opt/homebrew/opt/llvm/lib/libunwind.1.dylib' found at '/opt/homebrew/Cellar/llvm/18.1.8/lib/libunwind.1.0.dylib' couldn't be matched with any parent library and will be linked directly
configure:14198: $? = 0
configure:14199: result: yes
configure:15683: checking whether Intel CET is enabled
configure:15704: gcc -c -O2 -I/opt/homebrew/opt/llvm/include conftest.c >&5
conftest.c:65:3: error: CET is not enabled
# error CET is not enabled
  ^
1 error generated.
configure:15704: $? = 1
configure: failed program was:
| /* confdefs.h */
| #define PACKAGE_NAME "PCRE2"
| #define PACKAGE_TARNAME "pcre2"
| #define PACKAGE_VERSION "10.42"
| #define PACKAGE_STRING "PCRE2 10.42"
| #define PACKAGE_BUGREPORT ""
| #define PACKAGE_URL ""
| #define PACKAGE "pcre2"
| #define VERSION "10.42"
| #define STDC_HEADERS 1
| #define HAVE_SYS_TYPES_H 1
| #define HAVE_SYS_STAT_H 1
| #define HAVE_STDLIB_H 1
| #define HAVE_STRING_H 1
| #define HAVE_MEMORY_H 1
| #define HAVE_STRINGS_H 1
| #define HAVE_INTTYPES_H 1
| #define HAVE_STDINT_H 1
| #define HAVE_UNISTD_H 1
| #define __EXTENSIONS__ 1
| #define _ALL_SOURCE 1
| #define _GNU_SOURCE 1
| #define _POSIX_PTHREAD_SEMANTICS 1
| #define _TANDEM_SOURCE 1
| #define HAVE_DLFCN_H 1
| #define LT_OBJDIR ".libs/"
| #define PCRE2_EXP_DECL extern __attribute__ ((visibility ("default")))
| #define PCRE2_EXP_DEFN __attribute__ ((visibility ("default")))
| #define PCRE2POSIX_EXP_DECL extern __attribute__ ((visibility ("default")))
| #define PCRE2POSIX_EXP_DEFN extern __attribute__ ((visibility ("default")))
| #define HAVE_VISIBILITY 1
| #define HAVE_ATTRIBUTE_UNINITIALIZED 1
| #define HAVE_LIMITS_H 1
| #define HAVE_SYS_TYPES_H 1
| #define HAVE_SYS_STAT_H 1
| #define HAVE_DIRENT_H 1
| #define HAVE_SYS_WAIT_H 1
| #define HAVE_BCOPY 1
| #define HAVE_MEMMOVE 1
| #define HAVE_MKOSTEMP 1
| #define HAVE_STRERROR 1
| #define HAVE_REALPATH 1
| #define HAVE_ZLIB_H 1
| #define HAVE_BZLIB_H 1
| #define SUPPORT_PCRE2_8 /**/
| #define SUPPORT_PCRE2GREP_CALLOUT_FORK /**/
| #define SUPPORT_PCRE2GREP_CALLOUT /**/
| #define SUPPORT_UNICODE /**/
| #define PCRE2GREP_BUFSIZE 20480
| #define PCRE2GREP_MAX_BUFSIZE 1048576
| #define NEWLINE_DEFAULT 2
| #define LINK_SIZE 2
| #define PARENS_NEST_LIMIT 250
| #define MATCH_LIMIT 10000000
| #define MATCH_LIMIT_DEPTH MATCH_LIMIT
| #define HEAP_LIMIT 20000000
| #define MAX_NAME_SIZE 32
| #define MAX_NAME_COUNT 10000
| /* end confdefs.h.  */
| 
| int
| main ()
| {
| #ifndef __CET__
| # error CET is not enabled
| #endif
|   ;
|   return 0;
| }
configure:15710: result: no
configure:15850: checking that generated files are newer than configure
configure:15856: result: done
configure:15919: creating ./config.status

## ---------------------- ##
## Running config.status. ##
## ---------------------- ##

This file was extended by PCRE2 config.status 10.42, which was
generated by GNU Autoconf 2.69.  Invocation command line was

  CONFIG_FILES    = 
  CONFIG_HEADERS  = 
  CONFIG_LINKS    = 
  CONFIG_COMMANDS = 
  $ ./config.status 

on Mini-M2.local

config.status:1186: creating Makefile
config.status:1186: creating libpcre2-8.pc
config.status:1186: creating libpcre2-16.pc
config.status:1186: creating libpcre2-32.pc
config.status:1186: creating libpcre2-posix.pc
config.status:1186: creating pcre2-config
config.status:1186: creating src/pcre2.h
config.status:1186: creating src/config.h
config.status:1367: src/config.h is unchanged
config.status:1415: executing depfiles commands
config.status:1492: cd .       && sed -e '/# am--include-marker/d' Makefile         | make -f - am--depfiles
config.status:1497: $? = 0
config.status:1415: executing libtool commands
config.status:1415: executing script-chmod commands
config.status:1415: executing delete-old-chartables commands

## ---------------- ##
## Cache variables. ##
## ---------------- ##

ac_cv_build=aarch64-apple-darwin23.5.0
ac_cv_c_compiler_gnu=yes
ac_cv_c_const=yes
ac_cv_c_int64_t=yes
ac_cv_env_CC_set=
ac_cv_env_CC_value=
ac_cv_env_CFLAGS_set=
ac_cv_env_CFLAGS_value=
ac_cv_env_CPPFLAGS_set=set
ac_cv_env_CPPFLAGS_value=-I/opt/homebrew/opt/llvm/include
ac_cv_env_CPP_set=
ac_cv_env_CPP_value=
ac_cv_env_GENHTML_set=
ac_cv_env_GENHTML_value=
ac_cv_env_LCOV_set=
ac_cv_env_LCOV_value=
ac_cv_env_LDFLAGS_set=set
ac_cv_env_LDFLAGS_value=-L/opt/homebrew/opt/llvm/lib
ac_cv_env_LIBS_set=
ac_cv_env_LIBS_value=
ac_cv_env_LT_SYS_LIBRARY_PATH_set=
ac_cv_env_LT_SYS_LIBRARY_PATH_value=
ac_cv_env_PKG_CONFIG_LIBDIR_set=
ac_cv_env_PKG_CONFIG_LIBDIR_value=
ac_cv_env_PKG_CONFIG_PATH_set=set
ac_cv_env_PKG_CONFIG_PATH_value=/opt/homebrew/lib/pkg-config
ac_cv_env_PKG_CONFIG_set=
ac_cv_env_PKG_CONFIG_value=
ac_cv_env_VALGRIND_CFLAGS_set=
ac_cv_env_VALGRIND_CFLAGS_value=
ac_cv_env_VALGRIND_LIBS_set=
ac_cv_env_VALGRIND_LIBS_value=
ac_cv_env_build_alias_set=
ac_cv_env_build_alias_value=
ac_cv_env_host_alias_set=
ac_cv_env_host_alias_value=
ac_cv_env_target_alias_set=
ac_cv_env_target_alias_value=
ac_cv_func_bcopy=yes
ac_cv_func_memfd_create=no
ac_cv_func_memmove=yes
ac_cv_func_mkostemp=yes
ac_cv_func_secure_getenv=no
ac_cv_func_strerror=yes
ac_cv_header_bzlib_h=yes
ac_cv_header_dirent_h=yes
ac_cv_header_dlfcn_h=yes
ac_cv_header_inttypes_h=yes
ac_cv_header_limits_h=yes
ac_cv_header_memory_h=yes
ac_cv_header_minix_config_h=no
ac_cv_header_stdc=yes
ac_cv_header_stdint_h=yes
ac_cv_header_stdlib_h=yes
ac_cv_header_string_h=yes
ac_cv_header_strings_h=yes
ac_cv_header_sys_stat_h=yes
ac_cv_header_sys_types_h=yes
ac_cv_header_sys_wait_h=yes
ac_cv_header_unistd_h=yes
ac_cv_header_windows_h=no
ac_cv_header_zlib_h=yes
ac_cv_host=aarch64-apple-darwin23.5.0
ac_cv_lib_z_gzopen=yes
ac_cv_objext=o
ac_cv_path_EGREP='/usr/bin/grep -E'
ac_cv_path_FGREP='/usr/bin/grep -F'
ac_cv_path_GREP=/usr/bin/grep
ac_cv_path_SED=/usr/bin/sed
ac_cv_path_install='/opt/homebrew/bin/ginstall -c'
ac_cv_path_lt_DD=/bin/dd
ac_cv_path_mkdir=/opt/homebrew/bin/gmkdir
ac_cv_prog_AWK=awk
ac_cv_prog_CPP='gcc -E'
ac_cv_prog_ac_ct_AR=ar
ac_cv_prog_ac_ct_CC=gcc
ac_cv_prog_ac_ct_DSYMUTIL=dsymutil
ac_cv_prog_ac_ct_FILECMD=file
ac_cv_prog_ac_ct_LIPO=lipo
ac_cv_prog_ac_ct_NMEDIT=nmedit
ac_cv_prog_ac_ct_OBJDUMP=objdump
ac_cv_prog_ac_ct_OTOOL=otool
ac_cv_prog_ac_ct_RANLIB=ranlib
ac_cv_prog_ac_ct_STRIP=strip
ac_cv_prog_cc_c89=
ac_cv_prog_cc_g=yes
ac_cv_prog_make_make_set=yes
ac_cv_safe_to_define___extensions__=yes
ac_cv_sys_file_offset_bits=no
ac_cv_sys_largefile_CC=no
ac_cv_type_size_t=yes
am_cv_CC_dependencies_compiler_type=gcc3
am_cv_ar_interface=ar
am_cv_make_support_nested_variables=yes
am_cv_prog_cc_c_o=yes
lt_cv_apple_cc_single_mod=no
lt_cv_ar_at_file=no
lt_cv_deplibs_check_method=pass_all
lt_cv_file_magic_cmd='$MAGIC_CMD'
lt_cv_file_magic_test_file=
lt_cv_ld_exported_symbols_list=yes
lt_cv_ld_force_load=yes
lt_cv_ld_reload_flag=-r
lt_cv_nm_interface='BSD nm'
lt_cv_objdir=.libs
lt_cv_path_LD=/Applications/Xcode.app/Contents/Developer/Toolchains/XcodeDefault.xctoolchain/usr/bin/ld
lt_cv_path_NM='/usr/bin/nm -B'
lt_cv_path_mainfest_tool=no
lt_cv_prog_compiler_c_o=yes
lt_cv_prog_compiler_pic='-fno-common -DPIC'
lt_cv_prog_compiler_pic_works=yes
lt_cv_prog_compiler_rtti_exceptions=yes
lt_cv_prog_compiler_static_works=no
lt_cv_prog_gnu_ld=no
lt_cv_sharedlib_from_linklib_cmd='printf %s\n'
lt_cv_sys_global_symbol_pipe='/usr/bin/sed -n -e '\''s/^.*[	 ]\([ABCDGIRSTW][ABCDGIRSTW]*\)[	 ][	 ]*_\([_A-Za-z][_A-Za-z0-9]*\)$/\1 _\2 \2/p'\'' | /usr/bin/sed '\''/ __gnu_lto/d'\'''
lt_cv_sys_global_symbol_to_c_name_address='/usr/bin/sed -n -e '\''s/^: \(.*\) .*$/  {"\1", (void *) 0},/p'\'' -e '\''s/^[ABCDGIRSTW][ABCDGIRSTW]* .* \(.*\)$/  {"\1", (void *) \&\1},/p'\'''
lt_cv_sys_global_symbol_to_c_name_address_lib_prefix='/usr/bin/sed -n -e '\''s/^: \(.*\) .*$/  {"\1", (void *) 0},/p'\'' -e '\''s/^[ABCDGIRSTW][ABCDGIRSTW]* .* \(lib.*\)$/  {"\1", (void *) \&\1},/p'\'' -e '\''s/^[ABCDGIRSTW][ABCDGIRSTW]* .* \(.*\)$/  {"lib\1", (void *) \&\1},/p'\'''
lt_cv_sys_global_symbol_to_cdecl='/usr/bin/sed -n -e '\''s/^T .* \(.*\)$/extern int \1();/p'\'' -e '\''s/^[ABCDGIRSTW][ABCDGIRSTW]* .* \(.*\)$/extern char \1;/p'\'''
lt_cv_sys_global_symbol_to_import=
lt_cv_sys_max_cmd_len=786432
lt_cv_to_host_file_cmd=func_convert_file_noop
lt_cv_to_tool_file_cmd=func_convert_file_noop
lt_cv_truncate_bin='/bin/dd bs=4096 count=1'
pcre2_cc_cv_attribute_uninitialized=yes
pcre2_cc_cv_intel_cet_enabled=no
pcre2_cv_cc_vis_werror=yes
pcre2_cv_cc_visibility=yes

## ----------------- ##
## Output variables. ##
## ----------------- ##

ACLOCAL='${SHELL} '\''/Users/kristoff/repros/buzz-repro/vendors/pcre2/missing'\'' aclocal-1.16'
AMDEPBACKSLASH='\'
AMDEP_FALSE='#'
AMDEP_TRUE=''
AMTAR='$${TAR-tar}'
AM_BACKSLASH='\'
AM_DEFAULT_V='$(AM_DEFAULT_VERBOSITY)'
AM_DEFAULT_VERBOSITY='0'
AM_V='$(V)'
AR='ar'
AS='as'
AUTOCONF='${SHELL} '\''/Users/kristoff/repros/buzz-repro/vendors/pcre2/missing'\'' autoconf'
AUTOHEADER='${SHELL} '\''/Users/kristoff/repros/buzz-repro/vendors/pcre2/missing'\'' autoheader'
AUTOMAKE='${SHELL} '\''/Users/kristoff/repros/buzz-repro/vendors/pcre2/missing'\'' automake-1.16'
AWK='awk'
CC='gcc'
CCDEPMODE='depmode=gcc3'
CET_CFLAGS=''
CFLAGS='-O2'
CPP='gcc -E'
CPPFLAGS='-I/opt/homebrew/opt/llvm/include'
CYGPATH_W='echo'
DEFS='-DHAVE_CONFIG_H'
DEPDIR='.deps'
DISTCHECK_CONFIGURE_FLAGS='CFLAGS='\'''\'' CXXFLAGS='\'''\'' --enable-pcre2-16 --enable-pcre2-32 --enable-jit'
DLLTOOL='false'
DSYMUTIL='dsymutil'
DUMPBIN=''
ECHO_C='\c'
ECHO_N=''
ECHO_T=''
EGREP='/usr/bin/grep -E'
EXEEXT=''
EXTRA_LIBPCRE2_16_LDFLAGS='    -version-info 11:2:11'
EXTRA_LIBPCRE2_32_LDFLAGS='    -version-info 11:2:11'
EXTRA_LIBPCRE2_8_LDFLAGS='    -version-info 11:2:11'
EXTRA_LIBPCRE2_POSIX_LDFLAGS='    -version-info 3:4:0'
FGREP='/usr/bin/grep -F'
FILECMD='file'
GCOV_CFLAGS=''
GCOV_CXXFLAGS=''
GCOV_LIBS=''
GENHTML=''
GREP='/usr/bin/grep'
HAVE_VISIBILITY='1'
INSTALL_DATA='${INSTALL} -m 644'
INSTALL_PROGRAM='${INSTALL}'
INSTALL_SCRIPT='${INSTALL}'
INSTALL_STRIP_PROGRAM='$(install_sh) -c -s'
LCOV=''
LD='/Applications/Xcode.app/Contents/Developer/Toolchains/XcodeDefault.xctoolchain/usr/bin/ld'
LDFLAGS='-L/opt/homebrew/opt/llvm/lib'
LIBBZ2=''
LIBOBJS=''
LIBREADLINE=''
LIBS=''
LIBTOOL='$(SHELL) $(top_builddir)/libtool'
LIBZ=''
LIB_POSTFIX=''
LIPO='lipo'
LN_S='ln -s'
LTLIBOBJS=''
LT_SYS_LIBRARY_PATH=''
MAKEINFO='${SHELL} '\''/Users/kristoff/repros/buzz-repro/vendors/pcre2/missing'\'' makeinfo'
MANIFEST_TOOL=':'
MKDIR_P='/opt/homebrew/bin/gmkdir -p'
NM='/usr/bin/nm -B'
NMEDIT='nmedit'
OBJDUMP='objdump'
OBJEXT='o'
OTOOL64=':'
OTOOL='otool'
PACKAGE='pcre2'
PACKAGE_BUGREPORT=''
PACKAGE_NAME='PCRE2'
PACKAGE_STRING='PCRE2 10.42'
PACKAGE_TARNAME='pcre2'
PACKAGE_URL=''
PACKAGE_VERSION='10.42'
PATH_SEPARATOR=':'
PCRE2_DATE='2022-12-11'
PCRE2_MAJOR='10'
PCRE2_MINOR='42'
PCRE2_PRERELEASE=''
PCRE2_STATIC_CFLAG=''
PKG_CONFIG=''
PKG_CONFIG_LIBDIR=''
PKG_CONFIG_PATH='/opt/homebrew/lib/pkg-config'
PTHREAD_CC=''
PTHREAD_CFLAGS=''
PTHREAD_LIBS=''
RANLIB='ranlib'
SED='/usr/bin/sed'
SET_MAKE=''
SHELL='/bin/sh'
SHTOOL=''
STRIP='strip'
VALGRIND_CFLAGS=''
VALGRIND_LIBS=''
VERSION='10.42'
VISIBILITY_CFLAGS='-fvisibility=hidden'
VISIBILITY_CXXFLAGS='-fvisibility=hidden -fvisibility-inlines-hidden'
WITH_DEBUG_FALSE=''
WITH_DEBUG_TRUE='#'
WITH_FUZZ_SUPPORT_FALSE=''
WITH_FUZZ_SUPPORT_TRUE='#'
WITH_GCOV_FALSE=''
WITH_GCOV_TRUE='#'
WITH_JIT_FALSE=''
WITH_JIT_TRUE='#'
WITH_PCRE2_16_FALSE=''
WITH_PCRE2_16_TRUE='#'
WITH_PCRE2_32_FALSE=''
WITH_PCRE2_32_TRUE='#'
WITH_PCRE2_8_FALSE='#'
WITH_PCRE2_8_TRUE=''
WITH_REBUILD_CHARTABLES_FALSE=''
WITH_REBUILD_CHARTABLES_TRUE='#'
WITH_UNICODE_FALSE='#'
WITH_UNICODE_TRUE=''
WITH_VALGRIND_FALSE=''
WITH_VALGRIND_TRUE='#'
ac_ct_AR='ar'
ac_ct_CC='gcc'
ac_ct_DUMPBIN=''
am__EXEEXT_FALSE=''
am__EXEEXT_TRUE='#'
am__fastdepCC_FALSE='#'
am__fastdepCC_TRUE=''
am__include='include'
am__isrc=''
am__leading_dot='.'
am__nodep='_no'
am__quote=''
am__tar='$${TAR-tar} chof - "$$tardir"'
am__untar='$${TAR-tar} xf -'
ax_pthread_config=''
bindir='${exec_prefix}/bin'
build='aarch64-apple-darwin23.5.0'
build_alias=''
build_cpu='aarch64'
build_os='darwin23.5.0'
build_vendor='apple'
datadir='${datarootdir}'
datarootdir='${prefix}/share'
docdir='${datarootdir}/doc/${PACKAGE_TARNAME}'
dvidir='${docdir}'
enable_pcre2_16='no'
enable_pcre2_32='no'
enable_pcre2_8='yes'
exec_prefix='${prefix}'
host='aarch64-apple-darwin23.5.0'
host_alias=''
host_cpu='aarch64'
host_os='darwin23.5.0'
host_vendor='apple'
htmldir='${docdir}/html'
includedir='${prefix}/include'
infodir='${datarootdir}/info'
install_sh='${SHELL} /Users/kristoff/repros/buzz-repro/vendors/pcre2/install-sh'
libdir='${exec_prefix}/lib'
libexecdir='${exec_prefix}/libexec'
localedir='${datarootdir}/locale'
localstatedir='${prefix}/var'
mandir='${datarootdir}/man'
mkdir_p='$(MKDIR_P)'
oldincludedir='/usr/include'
pdfdir='${docdir}'
prefix='/usr/local'
program_transform_name='s,x,x,'
psdir='${docdir}'
sbindir='${exec_prefix}/sbin'
sharedstatedir='${prefix}/com'
sysconfdir='${prefix}/etc'
target_alias=''

## ----------- ##
## confdefs.h. ##
## ----------- ##

/* confdefs.h */
#define PACKAGE_NAME "PCRE2"
#define PACKAGE_TARNAME "pcre2"
#define PACKAGE_VERSION "10.42"
#define PACKAGE_STRING "PCRE2 10.42"
#define PACKAGE_BUGREPORT ""
#define PACKAGE_URL ""
#define PACKAGE "pcre2"
#define VERSION "10.42"
#define STDC_HEADERS 1
#define HAVE_SYS_TYPES_H 1
#define HAVE_SYS_STAT_H 1
#define HAVE_STDLIB_H 1
#define HAVE_STRING_H 1
#define HAVE_MEMORY_H 1
#define HAVE_STRINGS_H 1
#define HAVE_INTTYPES_H 1
#define HAVE_STDINT_H 1
#define HAVE_UNISTD_H 1
#define __EXTENSIONS__ 1
#define _ALL_SOURCE 1
#define _GNU_SOURCE 1
#define _POSIX_PTHREAD_SEMANTICS 1
#define _TANDEM_SOURCE 1
#define HAVE_DLFCN_H 1
#define LT_OBJDIR ".libs/"
#define PCRE2_EXP_DECL extern __attribute__ ((visibility ("default")))
#define PCRE2_EXP_DEFN __attribute__ ((visibility ("default")))
#define PCRE2POSIX_EXP_DECL extern __attribute__ ((visibility ("default")))
#define PCRE2POSIX_EXP_DEFN extern __attribute__ ((visibility ("default")))
#define HAVE_VISIBILITY 1
#define HAVE_ATTRIBUTE_UNINITIALIZED 1
#define HAVE_LIMITS_H 1
#define HAVE_SYS_TYPES_H 1
#define HAVE_SYS_STAT_H 1
#define HAVE_DIRENT_H 1
#define HAVE_SYS_WAIT_H 1
#define HAVE_BCOPY 1
#define HAVE_MEMMOVE 1
#define HAVE_MKOSTEMP 1
#define HAVE_STRERROR 1
#define HAVE_REALPATH 1
#define HAVE_ZLIB_H 1
#define HAVE_BZLIB_H 1
#define SUPPORT_PCRE2_8 /**/
#define SUPPORT_PCRE2GREP_CALLOUT_FORK /**/
#define SUPPORT_PCRE2GREP_CALLOUT /**/
#define SUPPORT_UNICODE /**/
#define PCRE2GREP_BUFSIZE 20480
#define PCRE2GREP_MAX_BUFSIZE 1048576
#define NEWLINE_DEFAULT 2
#define LINK_SIZE 2
#define PARENS_NEST_LIMIT 250
#define MATCH_LIMIT 10000000
#define MATCH_LIMIT_DEPTH MATCH_LIMIT
#define HEAP_LIMIT 20000000
#define MAX_NAME_SIZE 32
#define MAX_NAME_COUNT 10000

configure: exit 0
